2024-01-11 10:37:20,559 [main] INFO CoverFoxInsurance - Launching CoverFox
2024-01-11 10:37:21,687 [main] INFO CoverFoxInsurance - Clicking on male button
2024-01-11 10:37:22,852 [main] INFO CoverFoxInsurance - click on next button
2024-01-11 10:37:23,856 [main] INFO CoverFoxInsurance - Handling age dropdown
2024-01-11 10:37:26,136 [main] INFO CoverFoxInsurance - Clicking on next button
2024-01-11 10:37:27,326 [main] INFO CoverFoxInsurance - Entering PinCode
2024-01-11 10:38:57,994 [main] INFO CoverFoxInsurance - Launching CoverFox
2024-01-11 10:38:58,831 [main] INFO CoverFoxInsurance - Clicking on male button
2024-01-11 10:38:59,990 [main] INFO CoverFoxInsurance - click on next button
2024-01-11 10:39:00,991 [main] INFO CoverFoxInsurance - Handling age dropdown
2024-01-11 10:39:02,858 [main] INFO CoverFoxInsurance - Clicking on next button
2024-01-11 10:39:04,086 [main] INFO CoverFoxInsurance - Entering PinCode
2024-01-17 10:19:36,139 [main] INFO CoverFoxInsurance - Launching CoverFox
2024-01-17 10:19:37,031 [main] INFO CoverFoxInsurance - Clicking on male button
2024-01-17 10:19:38,201 [main] INFO CoverFoxInsurance - click on next button
2024-01-17 10:19:39,208 [main] INFO CoverFoxInsurance - Handling age dropdown
2024-01-17 10:19:41,306 [main] INFO CoverFoxInsurance - Clicking on next button
2024-01-17 10:19:42,458 [main] INFO CoverFoxInsurance - Entering PinCode
2024-01-17 10:38:04,560 [main] INFO CoverFoxInsurance - Launching CoverFox
2024-01-17 10:38:05,554 [main] INFO CoverFoxInsurance - Clicking on male button
2024-01-17 10:38:06,747 [main] INFO CoverFoxInsurance - click on next button
2024-01-17 10:38:07,764 [main] INFO CoverFoxInsurance - Handling age dropdown
2024-01-17 10:38:10,219 [main] INFO CoverFoxInsurance - Clicking on next button
2024-01-17 10:38:11,370 [main] INFO CoverFoxInsurance - Entering PinCode
2024-01-17 10:45:02,956 [main] INFO CoverFoxInsurance - Launching CoverFox
2024-01-17 10:45:03,948 [main] INFO CoverFoxInsurance - Clicking on male button
2024-01-17 10:45:05,153 [main] INFO CoverFoxInsurance - click on next button
2024-01-17 10:45:06,161 [main] INFO CoverFoxInsurance - Handling age dropdown
2024-01-17 10:45:08,446 [main] INFO CoverFoxInsurance - Clicking on next button
2024-01-17 10:45:09,568 [main] INFO CoverFoxInsurance - Entering PinCode
2024-01-17 10:57:11,770 [main] INFO CoverFoxInsurance - Launching CoverFox
2024-01-17 10:57:13,190 [main] INFO CoverFoxInsurance - Clicking on male button
2024-01-17 10:57:14,418 [main] INFO CoverFoxInsurance - click on next button
2024-01-17 10:57:15,428 [main] INFO CoverFoxInsurance - Handling age dropdown
2024-01-17 10:57:18,197 [main] INFO CoverFoxInsurance - Clicking on next button
2024-01-17 10:57:19,374 [main] INFO CoverFoxInsurance - Entering PinCode
2024-01-18 11:26:19,728 [main] INFO CoverFoxInsurance - Launching CoverFox
2024-01-18 11:26:20,971 [main] INFO CoverFoxInsurance - Clicking on male button
2024-01-18 11:26:22,137 [main] INFO CoverFoxInsurance - click on next button
2024-01-18 11:26:23,144 [main] INFO CoverFoxInsurance - Handling age dropdown
2024-01-18 11:26:25,620 [main] INFO CoverFoxInsurance - Clicking on next button
2024-01-18 11:26:26,769 [main] INFO CoverFoxInsurance - Entering PinCode
2024-01-18 11:52:31,447 [main] INFO CoverFoxInsurance - Launching CoverFox
2024-01-18 11:52:32,399 [main] INFO CoverFoxInsurance - Clicking on male button
2024-01-18 11:52:33,554 [main] INFO CoverFoxInsurance - click on next button
2024-01-18 11:52:34,568 [main] INFO CoverFoxInsurance - Handling age dropdown
2024-01-18 11:52:37,028 [main] INFO CoverFoxInsurance - Clicking on next button
2024-01-18 11:52:38,183 [main] INFO CoverFoxInsurance - Entering PinCode
2024-01-18 15:50:54,409 [main] INFO CoverFoxInsurance - Launching CoverFox
2024-01-18 15:50:55,726 [main] INFO CoverFoxInsurance - Clicking on male button
2024-01-18 15:51:47,253 [main] INFO CoverFoxInsurance - Launching CoverFox
2024-01-18 15:51:48,349 [main] INFO CoverFoxInsurance - Clicking on male button
2024-01-18 15:51:49,499 [main] INFO CoverFoxInsurance - click on next button
2024-01-18 15:51:50,508 [main] INFO CoverFoxInsurance - Handling age dropdown
2024-01-18 15:51:52,539 [main] INFO CoverFoxInsurance - Clicking on next button
2024-01-18 15:51:53,683 [main] INFO CoverFoxInsurance - Entering PinCode
2024-01-18 15:55:56,476 [main] INFO CoverFoxInsurance - Launching CoverFox
2024-01-18 15:55:58,253 [main] INFO CoverFoxInsurance - Clicking on male button
2024-01-18 15:55:59,385 [main] INFO CoverFoxInsurance - click on next button
2024-01-18 15:56:00,391 [main] INFO CoverFoxInsurance - Handling age dropdown
2024-01-18 15:56:02,785 [main] INFO CoverFoxInsurance - Clicking on next button
2024-01-18 15:56:03,946 [main] INFO CoverFoxInsurance - Entering PinCode
