2024-01-11 10:37:20,559 - CoverFoxInsurance -INFO - Launching CoverFox
2024-01-11 10:37:21,687 - CoverFoxInsurance -INFO - Clicking on male button
2024-01-11 10:37:22,852 - CoverFoxInsurance -INFO - click on next button
2024-01-11 10:37:23,856 - CoverFoxInsurance -INFO - Handling age dropdown
2024-01-11 10:37:26,136 - CoverFoxInsurance -INFO - Clicking on next button
2024-01-11 10:37:27,326 - CoverFoxInsurance -INFO - Entering PinCode
2024-01-11 10:38:57,994 - CoverFoxInsurance -INFO - Launching CoverFox
2024-01-11 10:38:58,831 - CoverFoxInsurance -INFO - Clicking on male button
2024-01-11 10:38:59,990 - CoverFoxInsurance -INFO - click on next button
2024-01-11 10:39:00,991 - CoverFoxInsurance -INFO - Handling age dropdown
2024-01-11 10:39:02,858 - CoverFoxInsurance -INFO - Clicking on next button
2024-01-11 10:39:04,086 - CoverFoxInsurance -INFO - Entering PinCode
2024-01-17 10:19:36,139 - CoverFoxInsurance -INFO - Launching CoverFox
2024-01-17 10:19:37,031 - CoverFoxInsurance -INFO - Clicking on male button
2024-01-17 10:19:38,201 - CoverFoxInsurance -INFO - click on next button
2024-01-17 10:19:39,208 - CoverFoxInsurance -INFO - Handling age dropdown
2024-01-17 10:19:41,306 - CoverFoxInsurance -INFO - Clicking on next button
2024-01-17 10:19:42,458 - CoverFoxInsurance -INFO - Entering PinCode
2024-01-17 10:38:04,560 - CoverFoxInsurance -INFO - Launching CoverFox
2024-01-17 10:38:05,554 - CoverFoxInsurance -INFO - Clicking on male button
2024-01-17 10:38:06,747 - CoverFoxInsurance -INFO - click on next button
2024-01-17 10:38:07,764 - CoverFoxInsurance -INFO - Handling age dropdown
2024-01-17 10:38:10,219 - CoverFoxInsurance -INFO - Clicking on next button
2024-01-17 10:38:11,370 - CoverFoxInsurance -INFO - Entering PinCode
2024-01-17 10:45:02,956 - CoverFoxInsurance -INFO - Launching CoverFox
2024-01-17 10:45:03,948 - CoverFoxInsurance -INFO - Clicking on male button
2024-01-17 10:45:05,153 - CoverFoxInsurance -INFO - click on next button
2024-01-17 10:45:06,161 - CoverFoxInsurance -INFO - Handling age dropdown
2024-01-17 10:45:08,446 - CoverFoxInsurance -INFO - Clicking on next button
2024-01-17 10:45:09,568 - CoverFoxInsurance -INFO - Entering PinCode
2024-01-17 10:57:11,770 - CoverFoxInsurance -INFO - Launching CoverFox
2024-01-17 10:57:13,190 - CoverFoxInsurance -INFO - Clicking on male button
2024-01-17 10:57:14,418 - CoverFoxInsurance -INFO - click on next button
2024-01-17 10:57:15,428 - CoverFoxInsurance -INFO - Handling age dropdown
2024-01-17 10:57:18,197 - CoverFoxInsurance -INFO - Clicking on next button
2024-01-17 10:57:19,374 - CoverFoxInsurance -INFO - Entering PinCode
2024-01-18 11:26:19,728 - CoverFoxInsurance -INFO - Launching CoverFox
2024-01-18 11:26:20,971 - CoverFoxInsurance -INFO - Clicking on male button
2024-01-18 11:26:22,137 - CoverFoxInsurance -INFO - click on next button
2024-01-18 11:26:23,144 - CoverFoxInsurance -INFO - Handling age dropdown
2024-01-18 11:26:25,620 - CoverFoxInsurance -INFO - Clicking on next button
2024-01-18 11:26:26,769 - CoverFoxInsurance -INFO - Entering PinCode
